# JRE version: Java(TM) SE Runtime Environment (11.0.3+12) (build 11.0.3+12-LTS)
# Java VM: Java HotSpot(TM) 64-Bit Server VM (11.0.3+12-LTS, mixed mode, tiered, compressed oops, g1 gc, windows-amd64)
Heap:
 garbage-first heap   total 196608K, used 29790K [0x0000000741c00000, 0x0000000800000000)
  region size 1024K, 24 young (24576K), 11 survivors (11264K)
 Metaspace       used 31096K, capacity 31879K, committed 32048K, reserved 1077248K
  class space    used 3392K, capacity 3656K, committed 3712K, reserved 1048576K
GC Heap History (6 events):
Event: 0.453 GC heap before
{Heap before GC invocations=0 (full 0):
 garbage-first heap   total 196608K, used 23552K [0x0000000741c00000, 0x0000000800000000)
  region size 1024K, 24 young (24576K), 0 survivors (0K)
 Metaspace       used 12214K, capacity 12408K, committed 12672K, reserved 1060864K
  class space    used 1262K, capacity 1349K, committed 1408K, reserved 1048576K
}
Event: 0.457 GC heap after
{Heap after GC invocations=1 (full 0):
 garbage-first heap   total 196608K, used 3326K [0x0000000741c00000, 0x0000000800000000)
  region size 1024K, 3 young (3072K), 3 survivors (3072K)
 Metaspace       used 12214K, capacity 12408K, committed 12672K, reserved 1060864K
  class space    used 1262K, capacity 1349K, committed 1408K, reserved 1048576K
}
Event: 1.921 GC heap before
{Heap before GC invocations=1 (full 0):
 garbage-first heap   total 196608K, used 67838K [0x0000000741c00000, 0x0000000800000000)
  region size 1024K, 67 young (68608K), 3 survivors (3072K)
 Metaspace       used 20792K, capacity 21205K, committed 21296K, reserved 1069056K
  class space    used 2253K, capacity 2389K, committed 2432K, reserved 1048576K
}
Event: 1.935 GC heap after
{Heap after GC invocations=2 (full 0):
 garbage-first heap   total 196608K, used 7151K [0x0000000741c00000, 0x0000000800000000)
  region size 1024K, 7 young (7168K), 7 survivors (7168K)
 Metaspace       used 20792K, capacity 21205K, committed 21296K, reserved 1069056K
  class space    used 2253K, capacity 2389K, committed 2432K, reserved 1048576K
}
Event: 2.860 GC heap before
{Heap before GC invocations=3 (full 0):
 garbage-first heap   total 196608K, used 83951K [0x0000000741c00000, 0x0000000800000000)
  region size 1024K, 81 young (82944K), 7 survivors (7168K)
 Metaspace       used 30343K, capacity 30961K, committed 31280K, reserved 1077248K
  class space    used 3326K, capacity 3600K, committed 3712K, reserved 1048576K
}
Event: 2.877 GC heap after
{Heap after GC invocations=4 (full 0):
 garbage-first heap   total 196608K, used 17502K [0x0000000741c00000, 0x0000000800000000)
  region size 1024K, 11 young (11264K), 11 survivors (11264K)
 Metaspace       used 30343K, capacity 30961K, committed 31280K, reserved 1077248K
  class space    used 3326K, capacity 3600K, committed 3712K, reserved 1048576K
}

